0 info it worked if it ends with ok
1 verbose cli [ 'C:\\Program Files\\nodejs\\node.exe',
1 verbose cli   'C:\\Program Files\\nodejs\\node_modules\\npm\\bin\\npm-cli.js',
1 verbose cli   '--registry=http://r.cnpmjs.org',
1 verbose cli   'install',
1 verbose cli   'nodejieba' ]
2 info using npm@3.8.3
3 info using node@v5.10.1
4 silly loadCurrentTree Starting
5 silly install loadCurrentTree
6 silly install readLocalPackageData
7 silly fetchPackageMetaData nodejieba
8 silly fetchNamedPackageData nodejieba
9 silly mapToRegistry name nodejieba
10 silly mapToRegistry using default registry
11 silly mapToRegistry registry http://r.cnpmjs.org/
12 silly mapToRegistry data Result {
12 silly mapToRegistry   raw: 'nodejieba',
12 silly mapToRegistry   scope: null,
12 silly mapToRegistry   name: 'nodejieba',
12 silly mapToRegistry   rawSpec: '',
12 silly mapToRegistry   spec: 'latest',
12 silly mapToRegistry   type: 'tag' }
13 silly mapToRegistry uri http://r.cnpmjs.org/nodejieba
14 verbose request uri http://r.cnpmjs.org/nodejieba
15 verbose request no auth needed
16 info attempt registry request try #1 at 10:41:01
17 verbose request id 882b359058b39f9e
18 http request GET http://r.cnpmjs.org/nodejieba
19 http 200 http://r.cnpmjs.org/nodejieba
20 verbose headers { server: 'nginx/1.4.6 (Ubuntu)',
20 verbose headers   date: 'Mon, 16 May 2016 02:40:52 GMT',
20 verbose headers   'content-type': 'application/json; charset=utf-8',
20 verbose headers   'transfer-encoding': 'chunked',
20 verbose headers   connection: 'keep-alive',
20 verbose headers   'x-readtime': '29',
20 verbose headers   'strict-transport-security': 'max-age=15768000',
20 verbose headers   'content-encoding': 'gzip' }
21 silly get cb [ 200,
21 silly get   { server: 'nginx/1.4.6 (Ubuntu)',
21 silly get     date: 'Mon, 16 May 2016 02:40:52 GMT',
21 silly get     'content-type': 'application/json; charset=utf-8',
21 silly get     'transfer-encoding': 'chunked',
21 silly get     connection: 'keep-alive',
21 silly get     'x-readtime': '29',
21 silly get     'strict-transport-security': 'max-age=15768000',
21 silly get     'content-encoding': 'gzip' } ]
22 verbose get saving nodejieba to C:\Users\wpd\AppData\Roaming\npm-cache\r.cnpmjs.org\nodejieba\.cache.json
23 verbose correctMkdir C:\Users\wpd\AppData\Roaming\npm-cache correctMkdir not in flight; initializing
24 silly install normalizeTree
25 silly loadCurrentTree Finishing
26 silly loadIdealTree Starting
27 silly install loadIdealTree
28 silly cloneCurrentTree Starting
29 silly install cloneCurrentTreeToIdealTree
30 silly cloneCurrentTree Finishing
31 silly loadShrinkwrap Starting
32 silly install loadShrinkwrap
33 silly loadShrinkwrap Finishing
34 silly loadAllDepsIntoIdealTree Starting
35 silly install loadAllDepsIntoIdealTree
36 silly resolveWithNewModule nodejieba@2.0.0 checking installable status
37 silly cache add args [ 'nodejieba', null ]
38 verbose cache add spec nodejieba
39 silly cache add parsed spec Result {
39 silly cache add   raw: 'nodejieba',
39 silly cache add   scope: null,
39 silly cache add   name: 'nodejieba',
39 silly cache add   rawSpec: '',
39 silly cache add   spec: 'latest',
39 silly cache add   type: 'tag' }
40 silly addNamed nodejieba@latest
41 verbose addNamed "latest" is being treated as a dist-tag for nodejieba
42 info addNameTag [ 'nodejieba', 'latest' ]
43 silly mapToRegistry name nodejieba
44 silly mapToRegistry using default registry
45 silly mapToRegistry registry http://r.cnpmjs.org/
46 silly mapToRegistry data Result {
46 silly mapToRegistry   raw: 'nodejieba',
46 silly mapToRegistry   scope: null,
46 silly mapToRegistry   name: 'nodejieba',
46 silly mapToRegistry   rawSpec: '',
46 silly mapToRegistry   spec: 'latest',
46 silly mapToRegistry   type: 'tag' }
47 silly mapToRegistry uri http://r.cnpmjs.org/nodejieba
48 verbose addNameTag registry:http://r.cnpmjs.org/nodejieba not in flight; fetching
49 verbose get http://r.cnpmjs.org/nodejieba not expired, no request
50 silly addNameTag next cb for nodejieba with tag latest
51 silly addNamed nodejieba@2.0.0
52 verbose addNamed "2.0.0" is a plain semver version for nodejieba
53 silly cache afterAdd nodejieba@2.0.0
54 verbose afterAdd C:\Users\wpd\AppData\Roaming\npm-cache\nodejieba\2.0.0\package\package.json not in flight; writing
55 verbose correctMkdir C:\Users\wpd\AppData\Roaming\npm-cache correctMkdir not in flight; initializing
56 verbose afterAdd C:\Users\wpd\AppData\Roaming\npm-cache\nodejieba\2.0.0\package\package.json written
57 silly fetchNamedPackageData nan
58 silly mapToRegistry name nan
59 silly mapToRegistry using default registry
60 silly mapToRegistry registry http://r.cnpmjs.org/
61 silly mapToRegistry data Result {
61 silly mapToRegistry   raw: 'nan',
61 silly mapToRegistry   scope: null,
61 silly mapToRegistry   name: 'nan',
61 silly mapToRegistry   rawSpec: '',
61 silly mapToRegistry   spec: 'latest',
61 silly mapToRegistry   type: 'tag' }
62 silly mapToRegistry uri http://r.cnpmjs.org/nan
63 verbose request uri http://r.cnpmjs.org/nan
64 verbose request no auth needed
65 info attempt registry request try #1 at 10:41:02
66 http request GET http://r.cnpmjs.org/nan
67 http 200 http://r.cnpmjs.org/nan
68 verbose headers { server: 'nginx/1.4.6 (Ubuntu)',
68 verbose headers   date: 'Mon, 16 May 2016 02:40:52 GMT',
68 verbose headers   'content-type': 'application/json; charset=utf-8',
68 verbose headers   'transfer-encoding': 'chunked',
68 verbose headers   connection: 'keep-alive',
68 verbose headers   'x-readtime': '85',
68 verbose headers   'strict-transport-security': 'max-age=15768000',
68 verbose headers   'content-encoding': 'gzip' }
69 silly get cb [ 200,
69 silly get   { server: 'nginx/1.4.6 (Ubuntu)',
69 silly get     date: 'Mon, 16 May 2016 02:40:52 GMT',
69 silly get     'content-type': 'application/json; charset=utf-8',
69 silly get     'transfer-encoding': 'chunked',
69 silly get     connection: 'keep-alive',
69 silly get     'x-readtime': '85',
69 silly get     'strict-transport-security': 'max-age=15768000',
69 silly get     'content-encoding': 'gzip' } ]
70 verbose get saving nan to C:\Users\wpd\AppData\Roaming\npm-cache\r.cnpmjs.org\nan\.cache.json
71 verbose correctMkdir C:\Users\wpd\AppData\Roaming\npm-cache correctMkdir not in flight; initializing
72 silly resolveWithNewModule nan@2.3.3 checking installable status
73 silly cache add args [ 'nan@~2.3.0', null ]
74 verbose cache add spec nan@~2.3.0
75 silly cache add parsed spec Result {
75 silly cache add   raw: 'nan@~2.3.0',
75 silly cache add   scope: null,
75 silly cache add   name: 'nan',
75 silly cache add   rawSpec: '~2.3.0',
75 silly cache add   spec: '>=2.3.0 <2.4.0',
75 silly cache add   type: 'range' }
76 silly addNamed nan@>=2.3.0 <2.4.0
77 verbose addNamed ">=2.3.0 <2.4.0" is a valid semver range for nan
78 silly addNameRange { name: 'nan', range: '>=2.3.0 <2.4.0', hasData: false }
79 silly mapToRegistry name nan
80 silly mapToRegistry using default registry
81 silly mapToRegistry registry http://r.cnpmjs.org/
82 silly mapToRegistry data Result {
82 silly mapToRegistry   raw: 'nan',
82 silly mapToRegistry   scope: null,
82 silly mapToRegistry   name: 'nan',
82 silly mapToRegistry   rawSpec: '',
82 silly mapToRegistry   spec: 'latest',
82 silly mapToRegistry   type: 'tag' }
83 silly mapToRegistry uri http://r.cnpmjs.org/nan
84 verbose addNameRange registry:http://r.cnpmjs.org/nan not in flight; fetching
85 verbose get http://r.cnpmjs.org/nan not expired, no request
86 silly addNameRange number 2 { name: 'nan', range: '>=2.3.0 <2.4.0', hasData: true }
87 silly addNameRange versions [ 'nan',
87 silly addNameRange   [ '2.3.3',
87 silly addNameRange     '2.3.2',
87 silly addNameRange     '2.3.1',
87 silly addNameRange     '2.3.0',
87 silly addNameRange     '2.2.1',
87 silly addNameRange     '2.2.0',
87 silly addNameRange     '2.1.0',
87 silly addNameRange     '2.0.9',
87 silly addNameRange     '2.0.8',
87 silly addNameRange     '2.0.7',
87 silly addNameRange     '2.0.6',
87 silly addNameRange     '2.0.5',
87 silly addNameRange     '2.0.4',
87 silly addNameRange     '2.0.3',
87 silly addNameRange     '2.0.2',
87 silly addNameRange     '2.0.1',
87 silly addNameRange     '2.0.0',
87 silly addNameRange     '1.9.0',
87 silly addNameRange     '1.8.4',
87 silly addNameRange     '1.8.3',
87 silly addNameRange     '1.8.2',
87 silly addNameRange     '1.8.1',
87 silly addNameRange     '1.8.0',
87 silly addNameRange     '1.7.0',
87 silly addNameRange     '1.6.2',
87 silly addNameRange     '1.6.1',
87 silly addNameRange     '1.5.3',
87 silly addNameRange     '1.6.0',
87 silly addNameRange     '1.5.2',
87 silly addNameRange     '1.5.1',
87 silly addNameRange     '1.4.3',
87 silly addNameRange     '1.4.2',
87 silly addNameRange     '1.5.0',
87 silly addNameRange     '1.4.1',
87 silly addNameRange     '1.4.0',
87 silly addNameRange     '1.3.0',
87 silly addNameRange     '1.2.0',
87 silly addNameRange     '1.1.2',
87 silly addNameRange     '1.1.1',
87 silly addNameRange     '1.1.0',
87 silly addNameRange     '1.0.0',
87 silly addNameRange     '0.8.0',
87 silly addNameRange     '0.7.1',
87 silly addNameRange     '0.7.0',
87 silly addNameRange     '0.6.0',
87 silly addNameRange     '0.5.2',
87 silly addNameRange     '0.5.1',
87 silly addNameRange     '0.5.0',
87 silly addNameRange     '0.4.4',
87 silly addNameRange     '0.4.3',
87 silly addNameRange     '0.4.2',
87 silly addNameRange     '0.4.1',
87 silly addNameRange     '0.4.0',
87 silly addNameRange     '0.3.2',
87 silly addNameRange     '0.3.1',
87 silly addNameRange     '0.3.0',
87 silly addNameRange     '0.3.0-wip2',
87 silly addNameRange     '0.3.0-wip' ] ]
88 silly addNamed nan@2.3.3
89 verbose addNamed "2.3.3" is a plain semver version for nan
90 silly cache afterAdd nan@2.3.3
91 verbose afterAdd C:\Users\wpd\AppData\Roaming\npm-cache\nan\2.3.3\package\package.json not in flight; writing
92 verbose correctMkdir C:\Users\wpd\AppData\Roaming\npm-cache correctMkdir not in flight; initializing
93 verbose afterAdd C:\Users\wpd\AppData\Roaming\npm-cache\nan\2.3.3\package\package.json written
94 silly loadAllDepsIntoIdealTree Finishing
95 silly idealTree:prePrune MsgCollector@0.0.0
95 silly idealTree:prePrune +-- accepts@1.2.13
95 silly idealTree:prePrune +-- acorn-globals@1.0.9
95 silly idealTree:prePrune +-- acorn@2.7.0
95 silly idealTree:prePrune +-- align-text@0.1.4
95 silly idealTree:prePrune +-- amdefine@1.0.0
95 silly idealTree:prePrune +-- array-flatten@1.1.1
95 silly idealTree:prePrune +-- asap@1.0.0
95 silly idealTree:prePrune +-- async@0.2.10
95 silly idealTree:prePrune +-- basic-auth@1.0.4
95 silly idealTree:prePrune +-- bignumber.js@2.1.4
95 silly idealTree:prePrune +-- body-parser@1.13.3
95 silly idealTree:prePrune | `-- depd@1.0.1
95 silly idealTree:prePrune +-- bytes@2.1.0
95 silly idealTree:prePrune +-- camelcase@1.2.1
95 silly idealTree:prePrune +-- center-align@0.1.3
95 silly idealTree:prePrune +-- character-parser@1.2.1
95 silly idealTree:prePrune +-- clean-css@3.4.12
95 silly idealTree:prePrune | `-- commander@2.8.1
95 silly idealTree:prePrune +-- cliui@2.1.0
95 silly idealTree:prePrune | `-- wordwrap@0.0.2
95 silly idealTree:prePrune +-- commander@2.6.0
95 silly idealTree:prePrune +-- constantinople@3.0.2
95 silly idealTree:prePrune +-- content-disposition@0.5.1
95 silly idealTree:prePrune +-- content-type@1.0.2
95 silly idealTree:prePrune +-- cookie-parser@1.3.5
95 silly idealTree:prePrune | `-- cookie@0.1.3
95 silly idealTree:prePrune +-- cookie-signature@1.0.6
95 silly idealTree:prePrune +-- cookie@0.1.5
95 silly idealTree:prePrune +-- core-util-is@1.0.2
95 silly idealTree:prePrune +-- css-parse@1.0.4
95 silly idealTree:prePrune +-- css-stringify@1.0.5
95 silly idealTree:prePrune +-- css@1.0.8
95 silly idealTree:prePrune +-- debug@2.2.0
95 silly idealTree:prePrune +-- decamelize@1.2.0
95 silly idealTree:prePrune +-- depd@1.1.0
95 silly idealTree:prePrune +-- destroy@1.0.4
95 silly idealTree:prePrune +-- ee-first@1.1.1
95 silly idealTree:prePrune +-- ejs@2.4.1
95 silly idealTree:prePrune +-- escape-html@1.0.3
95 silly idealTree:prePrune +-- etag@1.7.0
95 silly idealTree:prePrune +-- express@4.13.4
95 silly idealTree:prePrune | `-- debug@2.2.0
95 silly idealTree:prePrune +-- finalhandler@0.4.1
95 silly idealTree:prePrune | `-- debug@2.2.0
95 silly idealTree:prePrune +-- forwarded@0.1.0
95 silly idealTree:prePrune +-- fresh@0.3.0
95 silly idealTree:prePrune +-- graceful-readlink@1.0.1
95 silly idealTree:prePrune +-- http-errors@1.3.1
95 silly idealTree:prePrune +-- iconv-lite@0.4.11
95 silly idealTree:prePrune +-- inherits@2.0.1
95 silly idealTree:prePrune +-- ipaddr.js@1.0.5
95 silly idealTree:prePrune +-- is-buffer@1.1.3
95 silly idealTree:prePrune +-- is-promise@2.1.0
95 silly idealTree:prePrune +-- isarray@0.0.1
95 silly idealTree:prePrune +-- jade@1.11.0
95 silly idealTree:prePrune +-- jstransformer@0.0.2
95 silly idealTree:prePrune +-- kind-of@3.0.3
95 silly idealTree:prePrune +-- lazy-cache@1.0.4
95 silly idealTree:prePrune +-- longest@1.0.1
95 silly idealTree:prePrune +-- media-typer@0.3.0
95 silly idealTree:prePrune +-- merge-descriptors@1.0.1
95 silly idealTree:prePrune +-- methods@1.1.2
95 silly idealTree:prePrune +-- mime-db@1.23.0
95 silly idealTree:prePrune +-- mime-types@2.1.11
95 silly idealTree:prePrune +-- mime@1.3.4
95 silly idealTree:prePrune +-- minimist@0.0.8
95 silly idealTree:prePrune +-- mkdirp@0.5.1
95 silly idealTree:prePrune +-- morgan@1.6.1
95 silly idealTree:prePrune | `-- depd@1.0.1
95 silly idealTree:prePrune +-- ms@0.7.1
95 silly idealTree:prePrune +-- mysql@2.10.2
95 silly idealTree:prePrune +-- nan@2.3.3
95 silly idealTree:prePrune +-- negotiator@0.5.3
95 silly idealTree:prePrune +-- nodejieba@2.0.0
95 silly idealTree:prePrune +-- on-finished@2.3.0
95 silly idealTree:prePrune +-- on-headers@1.0.1
95 silly idealTree:prePrune +-- optimist@0.3.7
95 silly idealTree:prePrune +-- parseurl@1.3.1
95 silly idealTree:prePrune +-- path-to-regexp@0.1.7
95 silly idealTree:prePrune +-- promise@6.1.0
95 silly idealTree:prePrune +-- proxy-addr@1.0.10
95 silly idealTree:prePrune +-- qs@4.0.0
95 silly idealTree:prePrune +-- range-parser@1.0.3
95 silly idealTree:prePrune +-- raw-body@2.1.6
95 silly idealTree:prePrune | +-- bytes@2.3.0
95 silly idealTree:prePrune | `-- iconv-lite@0.4.13
95 silly idealTree:prePrune +-- readable-stream@1.1.14
95 silly idealTree:prePrune +-- repeat-string@1.5.4
95 silly idealTree:prePrune +-- right-align@0.1.3
95 silly idealTree:prePrune +-- send@0.13.1
95 silly idealTree:prePrune | `-- debug@2.2.0
95 silly idealTree:prePrune +-- serve-favicon@2.3.0
95 silly idealTree:prePrune +-- serve-static@1.10.2
95 silly idealTree:prePrune +-- source-map@0.4.4
95 silly idealTree:prePrune +-- statuses@1.2.1
95 silly idealTree:prePrune +-- string_decoder@0.10.31
95 silly idealTree:prePrune +-- transformers@2.1.0
95 silly idealTree:prePrune | +-- is-promise@1.0.1
95 silly idealTree:prePrune | +-- promise@2.0.0
95 silly idealTree:prePrune | +-- source-map@0.1.43
95 silly idealTree:prePrune | `-- uglify-js@2.2.5
95 silly idealTree:prePrune +-- type-is@1.6.12
95 silly idealTree:prePrune +-- uglify-js@2.6.2
95 silly idealTree:prePrune | `-- source-map@0.5.6
95 silly idealTree:prePrune +-- uglify-to-browserify@1.0.2
95 silly idealTree:prePrune +-- unpipe@1.0.0
95 silly idealTree:prePrune +-- utils-merge@1.0.0
95 silly idealTree:prePrune +-- vary@1.0.1
95 silly idealTree:prePrune +-- void-elements@2.0.1
95 silly idealTree:prePrune +-- window-size@0.1.0
95 silly idealTree:prePrune +-- with@4.0.3
95 silly idealTree:prePrune | `-- acorn@1.2.2
95 silly idealTree:prePrune +-- wordwrap@0.0.3
95 silly idealTree:prePrune `-- yargs@3.10.0
96 silly loadIdealTree Finishing
97 silly currentTree MsgCollector@0.0.0
97 silly currentTree +-- accepts@1.2.13
97 silly currentTree +-- acorn-globals@1.0.9
97 silly currentTree +-- acorn@2.7.0
97 silly currentTree +-- align-text@0.1.4
97 silly currentTree +-- amdefine@1.0.0
97 silly currentTree +-- array-flatten@1.1.1
97 silly currentTree +-- asap@1.0.0
97 silly currentTree +-- async@0.2.10
97 silly currentTree +-- basic-auth@1.0.4
97 silly currentTree +-- bignumber.js@2.1.4
97 silly currentTree +-- body-parser@1.13.3
97 silly currentTree | `-- depd@1.0.1
97 silly currentTree +-- bytes@2.1.0
97 silly currentTree +-- camelcase@1.2.1
97 silly currentTree +-- center-align@0.1.3
97 silly currentTree +-- character-parser@1.2.1
97 silly currentTree +-- clean-css@3.4.12
97 silly currentTree | `-- commander@2.8.1
97 silly currentTree +-- cliui@2.1.0
97 silly currentTree | `-- wordwrap@0.0.2
97 silly currentTree +-- commander@2.6.0
97 silly currentTree +-- constantinople@3.0.2
97 silly currentTree +-- content-disposition@0.5.1
97 silly currentTree +-- content-type@1.0.2
97 silly currentTree +-- cookie-parser@1.3.5
97 silly currentTree | `-- cookie@0.1.3
97 silly currentTree +-- cookie-signature@1.0.6
97 silly currentTree +-- cookie@0.1.5
97 silly currentTree +-- core-util-is@1.0.2
97 silly currentTree +-- css-parse@1.0.4
97 silly currentTree +-- css-stringify@1.0.5
97 silly currentTree +-- css@1.0.8
97 silly currentTree +-- debug@2.2.0
97 silly currentTree +-- decamelize@1.2.0
97 silly currentTree +-- depd@1.1.0
97 silly currentTree +-- destroy@1.0.4
97 silly currentTree +-- ee-first@1.1.1
97 silly currentTree +-- ejs@2.4.1
97 silly currentTree +-- escape-html@1.0.3
97 silly currentTree +-- etag@1.7.0
97 silly currentTree +-- express@4.13.4
97 silly currentTree | `-- debug@2.2.0
97 silly currentTree +-- finalhandler@0.4.1
97 silly currentTree | `-- debug@2.2.0
97 silly currentTree +-- forwarded@0.1.0
97 silly currentTree +-- fresh@0.3.0
97 silly currentTree +-- graceful-readlink@1.0.1
97 silly currentTree +-- http-errors@1.3.1
97 silly currentTree +-- iconv-lite@0.4.11
97 silly currentTree +-- inherits@2.0.1
97 silly currentTree +-- ipaddr.js@1.0.5
97 silly currentTree +-- is-buffer@1.1.3
97 silly currentTree +-- is-promise@2.1.0
97 silly currentTree +-- isarray@0.0.1
97 silly currentTree +-- jade@1.11.0
97 silly currentTree +-- jstransformer@0.0.2
97 silly currentTree +-- kind-of@3.0.3
97 silly currentTree +-- lazy-cache@1.0.4
97 silly currentTree +-- longest@1.0.1
97 silly currentTree +-- media-typer@0.3.0
97 silly currentTree +-- merge-descriptors@1.0.1
97 silly currentTree +-- methods@1.1.2
97 silly currentTree +-- mime-db@1.23.0
97 silly currentTree +-- mime-types@2.1.11
97 silly currentTree +-- mime@1.3.4
97 silly currentTree +-- minimist@0.0.8
97 silly currentTree +-- mkdirp@0.5.1
97 silly currentTree +-- morgan@1.6.1
97 silly currentTree | `-- depd@1.0.1
97 silly currentTree +-- ms@0.7.1
97 silly currentTree +-- mysql@2.10.2
97 silly currentTree +-- negotiator@0.5.3
97 silly currentTree +-- on-finished@2.3.0
97 silly currentTree +-- on-headers@1.0.1
97 silly currentTree +-- optimist@0.3.7
97 silly currentTree +-- parseurl@1.3.1
97 silly currentTree +-- path-to-regexp@0.1.7
97 silly currentTree +-- promise@6.1.0
97 silly currentTree +-- proxy-addr@1.0.10
97 silly currentTree +-- qs@4.0.0
97 silly currentTree +-- range-parser@1.0.3
97 silly currentTree +-- raw-body@2.1.6
97 silly currentTree | +-- bytes@2.3.0
97 silly currentTree | `-- iconv-lite@0.4.13
97 silly currentTree +-- readable-stream@1.1.14
97 silly currentTree +-- repeat-string@1.5.4
97 silly currentTree +-- right-align@0.1.3
97 silly currentTree +-- send@0.13.1
97 silly currentTree | `-- debug@2.2.0
97 silly currentTree +-- serve-favicon@2.3.0
97 silly currentTree +-- serve-static@1.10.2
97 silly currentTree +-- source-map@0.4.4
97 silly currentTree +-- statuses@1.2.1
97 silly currentTree +-- string_decoder@0.10.31
97 silly currentTree +-- transformers@2.1.0
97 silly currentTree | +-- is-promise@1.0.1
97 silly currentTree | +-- promise@2.0.0
97 silly currentTree | +-- source-map@0.1.43
97 silly currentTree | `-- uglify-js@2.2.5
97 silly currentTree +-- type-is@1.6.12
97 silly currentTree +-- uglify-js@2.6.2
97 silly currentTree | `-- source-map@0.5.6
97 silly currentTree +-- uglify-to-browserify@1.0.2
97 silly currentTree +-- unpipe@1.0.0
97 silly currentTree +-- utils-merge@1.0.0
97 silly currentTree +-- vary@1.0.1
97 silly currentTree +-- void-elements@2.0.1
97 silly currentTree +-- window-size@0.1.0
97 silly currentTree +-- with@4.0.3
97 silly currentTree | `-- acorn@1.2.2
97 silly currentTree +-- wordwrap@0.0.3
97 silly currentTree `-- yargs@3.10.0
98 silly idealTree MsgCollector@0.0.0
98 silly idealTree +-- accepts@1.2.13
98 silly idealTree +-- acorn-globals@1.0.9
98 silly idealTree +-- acorn@2.7.0
98 silly idealTree +-- align-text@0.1.4
98 silly idealTree +-- amdefine@1.0.0
98 silly idealTree +-- array-flatten@1.1.1
98 silly idealTree +-- asap@1.0.0
98 silly idealTree +-- async@0.2.10
98 silly idealTree +-- basic-auth@1.0.4
98 silly idealTree +-- bignumber.js@2.1.4
98 silly idealTree +-- body-parser@1.13.3
98 silly idealTree | `-- depd@1.0.1
98 silly idealTree +-- bytes@2.1.0
98 silly idealTree +-- camelcase@1.2.1
98 silly idealTree +-- center-align@0.1.3
98 silly idealTree +-- character-parser@1.2.1
98 silly idealTree +-- clean-css@3.4.12
98 silly idealTree | `-- commander@2.8.1
98 silly idealTree +-- cliui@2.1.0
98 silly idealTree | `-- wordwrap@0.0.2
98 silly idealTree +-- commander@2.6.0
98 silly idealTree +-- constantinople@3.0.2
98 silly idealTree +-- content-disposition@0.5.1
98 silly idealTree +-- content-type@1.0.2
98 silly idealTree +-- cookie-parser@1.3.5
98 silly idealTree | `-- cookie@0.1.3
98 silly idealTree +-- cookie-signature@1.0.6
98 silly idealTree +-- cookie@0.1.5
98 silly idealTree +-- core-util-is@1.0.2
98 silly idealTree +-- css-parse@1.0.4
98 silly idealTree +-- css-stringify@1.0.5
98 silly idealTree +-- css@1.0.8
98 silly idealTree +-- debug@2.2.0
98 silly idealTree +-- decamelize@1.2.0
98 silly idealTree +-- depd@1.1.0
98 silly idealTree +-- destroy@1.0.4
98 silly idealTree +-- ee-first@1.1.1
98 silly idealTree +-- ejs@2.4.1
98 silly idealTree +-- escape-html@1.0.3
98 silly idealTree +-- etag@1.7.0
98 silly idealTree +-- express@4.13.4
98 silly idealTree | `-- debug@2.2.0
98 silly idealTree +-- finalhandler@0.4.1
98 silly idealTree | `-- debug@2.2.0
98 silly idealTree +-- forwarded@0.1.0
98 silly idealTree +-- fresh@0.3.0
98 silly idealTree +-- graceful-readlink@1.0.1
98 silly idealTree +-- http-errors@1.3.1
98 silly idealTree +-- iconv-lite@0.4.11
98 silly idealTree +-- inherits@2.0.1
98 silly idealTree +-- ipaddr.js@1.0.5
98 silly idealTree +-- is-buffer@1.1.3
98 silly idealTree +-- is-promise@2.1.0
98 silly idealTree +-- isarray@0.0.1
98 silly idealTree +-- jade@1.11.0
98 silly idealTree +-- jstransformer@0.0.2
98 silly idealTree +-- kind-of@3.0.3
98 silly idealTree +-- lazy-cache@1.0.4
98 silly idealTree +-- longest@1.0.1
98 silly idealTree +-- media-typer@0.3.0
98 silly idealTree +-- merge-descriptors@1.0.1
98 silly idealTree +-- methods@1.1.2
98 silly idealTree +-- mime-db@1.23.0
98 silly idealTree +-- mime-types@2.1.11
98 silly idealTree +-- mime@1.3.4
98 silly idealTree +-- minimist@0.0.8
98 silly idealTree +-- mkdirp@0.5.1
98 silly idealTree +-- morgan@1.6.1
98 silly idealTree | `-- depd@1.0.1
98 silly idealTree +-- ms@0.7.1
98 silly idealTree +-- mysql@2.10.2
98 silly idealTree +-- nan@2.3.3
98 silly idealTree +-- negotiator@0.5.3
98 silly idealTree +-- nodejieba@2.0.0
98 silly idealTree +-- on-finished@2.3.0
98 silly idealTree +-- on-headers@1.0.1
98 silly idealTree +-- optimist@0.3.7
98 silly idealTree +-- parseurl@1.3.1
98 silly idealTree +-- path-to-regexp@0.1.7
98 silly idealTree +-- promise@6.1.0
98 silly idealTree +-- proxy-addr@1.0.10
98 silly idealTree +-- qs@4.0.0
98 silly idealTree +-- range-parser@1.0.3
98 silly idealTree +-- raw-body@2.1.6
98 silly idealTree | +-- bytes@2.3.0
98 silly idealTree | `-- iconv-lite@0.4.13
98 silly idealTree +-- readable-stream@1.1.14
98 silly idealTree +-- repeat-string@1.5.4
98 silly idealTree +-- right-align@0.1.3
98 silly idealTree +-- send@0.13.1
98 silly idealTree | `-- debug@2.2.0
98 silly idealTree +-- serve-favicon@2.3.0
98 silly idealTree +-- serve-static@1.10.2
98 silly idealTree +-- source-map@0.4.4
98 silly idealTree +-- statuses@1.2.1
98 silly idealTree +-- string_decoder@0.10.31
98 silly idealTree +-- transformers@2.1.0
98 silly idealTree | +-- is-promise@1.0.1
98 silly idealTree | +-- promise@2.0.0
98 silly idealTree | +-- source-map@0.1.43
98 silly idealTree | `-- uglify-js@2.2.5
98 silly idealTree +-- type-is@1.6.12
98 silly idealTree +-- uglify-js@2.6.2
98 silly idealTree | `-- source-map@0.5.6
98 silly idealTree +-- uglify-to-browserify@1.0.2
98 silly idealTree +-- unpipe@1.0.0
98 silly idealTree +-- utils-merge@1.0.0
98 silly idealTree +-- vary@1.0.1
98 silly idealTree +-- void-elements@2.0.1
98 silly idealTree +-- window-size@0.1.0
98 silly idealTree +-- with@4.0.3
98 silly idealTree | `-- acorn@1.2.2
98 silly idealTree +-- wordwrap@0.0.3
98 silly idealTree `-- yargs@3.10.0
99 silly generateActionsToTake Starting
100 silly install generateActionsToTake
101 silly generateActionsToTake Finishing
102 silly diffTrees action count 4
103 silly diffTrees add nan@2.3.3
104 silly diffTrees update ejs@2.4.1
105 silly diffTrees update mysql@2.10.2
106 silly diffTrees add nodejieba@2.0.0
107 silly decomposeActions action count 32
108 silly decomposeActions fetch nan@2.3.3
109 silly decomposeActions extract nan@2.3.3
110 silly decomposeActions test nan@2.3.3
111 silly decomposeActions preinstall nan@2.3.3
112 silly decomposeActions build nan@2.3.3
113 silly decomposeActions install nan@2.3.3
114 silly decomposeActions postinstall nan@2.3.3
115 silly decomposeActions finalize nan@2.3.3
116 silly decomposeActions fetch ejs@2.4.1
117 silly decomposeActions extract ejs@2.4.1
118 silly decomposeActions test ejs@2.4.1
119 silly decomposeActions preinstall ejs@2.4.1
120 silly decomposeActions build ejs@2.4.1
121 silly decomposeActions install ejs@2.4.1
122 silly decomposeActions postinstall ejs@2.4.1
123 silly decomposeActions finalize ejs@2.4.1
124 silly decomposeActions fetch mysql@2.10.2
125 silly decomposeActions extract mysql@2.10.2
126 silly decomposeActions test mysql@2.10.2
127 silly decomposeActions preinstall mysql@2.10.2
128 silly decomposeActions build mysql@2.10.2
129 silly decomposeActions install mysql@2.10.2
130 silly decomposeActions postinstall mysql@2.10.2
131 silly decomposeActions finalize mysql@2.10.2
132 silly decomposeActions fetch nodejieba@2.0.0
133 silly decomposeActions extract nodejieba@2.0.0
134 silly decomposeActions test nodejieba@2.0.0
135 silly decomposeActions preinstall nodejieba@2.0.0
136 silly decomposeActions build nodejieba@2.0.0
137 silly decomposeActions install nodejieba@2.0.0
138 silly decomposeActions postinstall nodejieba@2.0.0
139 silly decomposeActions finalize nodejieba@2.0.0
140 silly executeActions Starting
141 silly install executeActions
142 silly doSerial global-install 0
143 silly doParallel fetch 4
144 verbose correctMkdir C:\Users\wpd\AppData\Roaming\npm-cache\_locks correctMkdir not in flight; initializing
145 verbose lock using C:\Users\wpd\AppData\Roaming\npm-cache\_locks\staging-23927ec6864ad111.lock for C:\git\MsgCollector\node_modules\.staging
146 silly doParallel extract 4
147 silly extract nan@2.3.3
148 silly extract ejs@2.4.1
149 silly extract mysql@2.10.2
150 silly extract nodejieba@2.0.0
151 verbose unbuild node_modules\.staging\nan-d052b23c
152 verbose unbuild node_modules\.staging\ejs-2f9d8c7c
153 verbose unbuild node_modules\.staging\mysql-cd966deb
154 verbose unbuild node_modules\.staging\nodejieba-b49ae309
155 silly gentlyRm C:\git\MsgCollector\node_modules\.staging\nan-d052b23c is being purged from base C:\git\MsgCollector
156 verbose gentlyRm don't care about contents; nuking C:\git\MsgCollector\node_modules\.staging\nan-d052b23c
157 silly gentlyRm C:\git\MsgCollector\node_modules\.staging\ejs-2f9d8c7c is being purged from base C:\git\MsgCollector
158 verbose gentlyRm don't care about contents; nuking C:\git\MsgCollector\node_modules\.staging\ejs-2f9d8c7c
159 silly gentlyRm C:\git\MsgCollector\node_modules\.staging\mysql-cd966deb is being purged from base C:\git\MsgCollector
160 verbose gentlyRm don't care about contents; nuking C:\git\MsgCollector\node_modules\.staging\mysql-cd966deb
161 silly gentlyRm C:\git\MsgCollector\node_modules\.staging\nodejieba-b49ae309 is being purged from base C:\git\MsgCollector
162 verbose gentlyRm don't care about contents; nuking C:\git\MsgCollector\node_modules\.staging\nodejieba-b49ae309
163 verbose tar unpack C:\Users\wpd\AppData\Roaming\npm-cache\nan\2.3.3\package.tgz
164 verbose tar unpacking to C:\git\MsgCollector\node_modules\.staging\nan-d052b23c
165 silly gentlyRm C:\git\MsgCollector\node_modules\.staging\nan-d052b23c is being purged
166 verbose gentlyRm don't care about contents; nuking C:\git\MsgCollector\node_modules\.staging\nan-d052b23c
167 verbose tar unpack C:\Users\wpd\AppData\Roaming\npm-cache\ejs\2.4.1\package.tgz
168 verbose tar unpacking to C:\git\MsgCollector\node_modules\.staging\ejs-2f9d8c7c
169 silly gentlyRm C:\git\MsgCollector\node_modules\.staging\ejs-2f9d8c7c is being purged
170 verbose gentlyRm don't care about contents; nuking C:\git\MsgCollector\node_modules\.staging\ejs-2f9d8c7c
171 verbose tar unpack C:\Users\wpd\AppData\Roaming\npm-cache\mysql\2.10.2\package.tgz
172 verbose tar unpacking to C:\git\MsgCollector\node_modules\.staging\mysql-cd966deb
173 silly gentlyRm C:\git\MsgCollector\node_modules\.staging\mysql-cd966deb is being purged
174 verbose gentlyRm don't care about contents; nuking C:\git\MsgCollector\node_modules\.staging\mysql-cd966deb
175 verbose tar unpack C:\Users\wpd\AppData\Roaming\npm-cache\nodejieba\2.0.0\package.tgz
176 verbose tar unpacking to C:\git\MsgCollector\node_modules\.staging\nodejieba-b49ae309
177 silly gentlyRm C:\git\MsgCollector\node_modules\.staging\nodejieba-b49ae309 is being purged
178 verbose gentlyRm don't care about contents; nuking C:\git\MsgCollector\node_modules\.staging\nodejieba-b49ae309
179 silly gunzTarPerm modes [ '777', '666' ]
180 silly gunzTarPerm modes [ '777', '666' ]
181 silly gunzTarPerm modes [ '777', '666' ]
182 silly gunzTarPerm modes [ '777', '666' ]
183 silly gunzTarPerm extractEntry package.json
184 silly gunzTarPerm modified mode [ 'package.json', 436, 438 ]
185 silly gunzTarPerm extractEntry
186 silly gunzTarPerm modified mode [ '', 493, 511 ]
187 silly gunzTarPerm extractEntry package.json
188 silly gunzTarPerm extractEntry package.json
189 silly gunzTarPerm modified mode [ 'package.json', 436, 438 ]
190 silly gunzTarPerm extractEntry README.md
191 silly gunzTarPerm modified mode [ 'README.md', 436, 438 ]
192 silly gunzTarPerm extractEntry include_dirs.js
193 silly gunzTarPerm modified mode [ 'include_dirs.js', 436, 438 ]
194 silly gunzTarPerm extractEntry index.js
195 silly gunzTarPerm extractEntry Changes.md
196 silly gunzTarPerm extractEntry .npmignore
197 silly gunzTarPerm modified mode [ '.npmignore', 420, 438 ]
198 silly gunzTarPerm extractEntry README.md
199 silly gunzTarPerm modified mode [ 'README.md', 436, 438 ]
200 silly gunzTarPerm extractEntry ejs.js
201 silly gunzTarPerm modified mode [ 'ejs.js', 420, 438 ]
202 silly gunzTarPerm extractEntry ejs.min.js
203 silly gunzTarPerm modified mode [ 'ejs.min.js', 420, 438 ]
204 silly gunzTarPerm extractEntry Jakefile
205 silly gunzTarPerm modified mode [ 'Jakefile', 420, 438 ]
206 silly gunzTarPerm extractEntry lib/
207 silly gunzTarPerm modified mode [ 'lib/', 493, 511 ]
208 silly gunzTarPerm extractEntry package.json
209 silly gunzTarPerm modified mode [ 'package.json', 420, 438 ]
210 silly gunzTarPerm extractEntry nan_converters.h
211 silly gunzTarPerm modified mode [ 'nan_converters.h', 436, 438 ]
212 silly gunzTarPerm extractEntry LICENSE.md
213 silly gunzTarPerm modified mode [ 'LICENSE.md', 436, 438 ]
214 silly gunzTarPerm extractEntry doc/node_misc.md
215 silly gunzTarPerm modified mode [ 'doc/node_misc.md', 436, 438 ]
216 silly gunzTarPerm extractEntry License
217 silly gunzTarPerm extractEntry README.md
218 silly gunzTarPerm modified mode [ 'README.md', 420, 438 ]
219 silly gunzTarPerm extractEntry index.js
220 silly gunzTarPerm modified mode [ 'index.js', 436, 438 ]
221 silly gunzTarPerm extractEntry README_EN.md
222 silly gunzTarPerm modified mode [ 'README_EN.md', 436, 438 ]
223 silly gunzTarPerm extractEntry doc/asyncworker.md
224 silly gunzTarPerm modified mode [ 'doc/asyncworker.md', 436, 438 ]
225 silly gunzTarPerm extractEntry binding.gyp
226 silly gunzTarPerm modified mode [ 'binding.gyp', 436, 438 ]
227 silly gunzTarPerm extractEntry Readme.md
228 silly gunzTarPerm extractEntry lib/Connection.js
229 silly gunzTarPerm extractEntry test/
230 silly gunzTarPerm modified mode [ 'test/', 493, 511 ]
231 silly gunzTarPerm extractEntry test/ejs.js
232 silly gunzTarPerm modified mode [ 'test/ejs.js', 420, 438 ]
233 silly gunzTarPerm extractEntry .travis.yml
234 silly gunzTarPerm modified mode [ '.travis.yml', 436, 438 ]
235 silly gunzTarPerm extractEntry doc/callback.md
236 silly gunzTarPerm modified mode [ 'doc/callback.md', 436, 438 ]
237 silly gunzTarPerm extractEntry doc/converters.md
238 silly gunzTarPerm modified mode [ 'doc/converters.md', 436, 438 ]
239 silly gunzTarPerm extractEntry deps/cppjieba/MixSegment.hpp
240 silly gunzTarPerm modified mode [ 'deps/cppjieba/MixSegment.hpp', 436, 438 ]
241 silly gunzTarPerm extractEntry deps/cppjieba/DictTrie.hpp
242 silly gunzTarPerm modified mode [ 'deps/cppjieba/DictTrie.hpp', 436, 438 ]
243 silly gunzTarPerm extractEntry test/fixtures/
244 silly gunzTarPerm modified mode [ 'test/fixtures/', 493, 511 ]
245 silly gunzTarPerm extractEntry test/mocha.opts
246 silly gunzTarPerm modified mode [ 'test/mocha.opts', 420, 438 ]
247 silly gunzTarPerm extractEntry lib/ConnectionConfig.js
248 silly gunzTarPerm extractEntry lib/Pool.js
249 silly gunzTarPerm extractEntry doc/errors.md
250 silly gunzTarPerm modified mode [ 'doc/errors.md', 436, 438 ]
251 silly gunzTarPerm extractEntry doc/maybe_types.md
252 silly gunzTarPerm modified mode [ 'doc/maybe_types.md', 436, 438 ]
253 silly gunzTarPerm extractEntry deps/cppjieba/HMMModel.hpp
254 silly gunzTarPerm modified mode [ 'deps/cppjieba/HMMModel.hpp', 436, 438 ]
255 silly gunzTarPerm extractEntry deps/cppjieba/HMMSegment.hpp
256 silly gunzTarPerm modified mode [ 'deps/cppjieba/HMMSegment.hpp', 436, 438 ]
257 silly gunzTarPerm extractEntry test/tmp/
258 silly gunzTarPerm modified mode [ 'test/tmp/', 493, 511 ]
259 silly gunzTarPerm extractEntry test/tmp/include.ejs
260 silly gunzTarPerm modified mode [ 'test/tmp/include.ejs', 420, 438 ]
261 silly gunzTarPerm extractEntry test/tmp/include_preprocessor.ejs
262 silly gunzTarPerm modified mode [ 'test/tmp/include_preprocessor.ejs', 420, 438 ]
263 silly gunzTarPerm extractEntry lib/PoolCluster.js
264 silly gunzTarPerm extractEntry lib/PoolConfig.js
265 silly gunzTarPerm extractEntry lib/PoolConnection.js
266 silly gunzTarPerm extractEntry doc/methods.md
267 silly gunzTarPerm modified mode [ 'doc/methods.md', 436, 438 ]
268 silly gunzTarPerm extractEntry doc/new.md
269 silly gunzTarPerm modified mode [ 'doc/new.md', 436, 438 ]
270 silly gunzTarPerm extractEntry lib/PoolNamespace.js
271 silly gunzTarPerm extractEntry lib/PoolSelector.js
272 silly gunzTarPerm extractEntry test/tmp/renderFile.ejs
273 silly gunzTarPerm modified mode [ 'test/tmp/renderFile.ejs', 420, 438 ]
274 silly gunzTarPerm extractEntry test/fixtures/backslash.ejs
275 silly gunzTarPerm modified mode [ 'test/fixtures/backslash.ejs', 420, 438 ]
276 silly gunzTarPerm extractEntry deps/cppjieba/Jieba.hpp
277 silly gunzTarPerm modified mode [ 'deps/cppjieba/Jieba.hpp', 436, 438 ]
278 silly gunzTarPerm extractEntry deps/cppjieba/KeywordExtractor.hpp
279 silly gunzTarPerm modified mode [ 'deps/cppjieba/KeywordExtractor.hpp', 436, 438 ]
280 silly gunzTarPerm extractEntry doc/buffers.md
281 silly gunzTarPerm modified mode [ 'doc/buffers.md', 436, 438 ]
282 silly gunzTarPerm extractEntry doc/object_wrappers.md
283 silly gunzTarPerm modified mode [ 'doc/object_wrappers.md', 436, 438 ]
284 silly gunzTarPerm extractEntry lib/protocol/Auth.js
285 silly gunzTarPerm extractEntry lib/protocol/PacketHeader.js
286 silly gunzTarPerm extractEntry test/fixtures/backslash.html
287 silly gunzTarPerm modified mode [ 'test/fixtures/backslash.html', 420, 438 ]
288 silly gunzTarPerm extractEntry test/fixtures/comments.ejs
289 silly gunzTarPerm modified mode [ 'test/fixtures/comments.ejs', 420, 438 ]
290 silly gunzTarPerm extractEntry deps/cppjieba/MPSegment.hpp
291 silly gunzTarPerm modified mode [ 'deps/cppjieba/MPSegment.hpp', 436, 438 ]
292 silly gunzTarPerm extractEntry deps/cppjieba/FullSegment.hpp
293 silly gunzTarPerm modified mode [ 'deps/cppjieba/FullSegment.hpp', 436, 438 ]
294 silly gunzTarPerm extractEntry doc/persistent.md
295 silly gunzTarPerm modified mode [ 'doc/persistent.md', 436, 438 ]
296 silly gunzTarPerm extractEntry doc/scopes.md
297 silly gunzTarPerm modified mode [ 'doc/scopes.md', 436, 438 ]
298 silly gunzTarPerm extractEntry lib/protocol/PacketWriter.js
299 silly gunzTarPerm extractEntry lib/protocol/Parser.js
300 silly gunzTarPerm extractEntry test/fixtures/comments.html
301 silly gunzTarPerm modified mode [ 'test/fixtures/comments.html', 420, 438 ]
302 silly gunzTarPerm extractEntry test/fixtures/consecutive-tags.ejs
303 silly gunzTarPerm modified mode [ 'test/fixtures/consecutive-tags.ejs', 420, 438 ]
304 silly gunzTarPerm extractEntry test/fixtures/consecutive-tags.html
305 silly gunzTarPerm modified mode [ 'test/fixtures/consecutive-tags.html', 420, 438 ]
306 silly gunzTarPerm extractEntry deps/cppjieba/PosTagger.hpp
307 silly gunzTarPerm modified mode [ 'deps/cppjieba/PosTagger.hpp', 436, 438 ]
308 silly gunzTarPerm extractEntry deps/cppjieba/PreFilter.hpp
309 silly gunzTarPerm modified mode [ 'deps/cppjieba/PreFilter.hpp', 436, 438 ]
310 silly gunzTarPerm extractEntry doc/script.md
311 silly gunzTarPerm modified mode [ 'doc/script.md', 436, 438 ]
312 silly gunzTarPerm extractEntry doc/string_bytes.md
313 silly gunzTarPerm modified mode [ 'doc/string_bytes.md', 436, 438 ]
314 silly gunzTarPerm extractEntry lib/protocol/Protocol.js
315 silly gunzTarPerm extractEntry lib/protocol/ResultSet.js
316 silly gunzTarPerm extractEntry test/fixtures/double-quote.ejs
317 silly gunzTarPerm modified mode [ 'test/fixtures/double-quote.ejs', 420, 438 ]
318 silly gunzTarPerm extractEntry test/fixtures/double-quote.html
319 silly gunzTarPerm modified mode [ 'test/fixtures/double-quote.html', 420, 438 ]
320 silly gunzTarPerm extractEntry test/fixtures/error.ejs
321 silly gunzTarPerm modified mode [ 'test/fixtures/error.ejs', 420, 438 ]
322 silly gunzTarPerm extractEntry test/fixtures/error.out
323 silly gunzTarPerm modified mode [ 'test/fixtures/error.out', 420, 438 ]
324 silly gunzTarPerm extractEntry doc/v8_internals.md
325 silly gunzTarPerm modified mode [ 'doc/v8_internals.md', 436, 438 ]
326 silly gunzTarPerm extractEntry doc/v8_misc.md
327 silly gunzTarPerm modified mode [ 'doc/v8_misc.md', 436, 438 ]
328 silly gunzTarPerm extractEntry deps/cppjieba/QuerySegment.hpp
329 silly gunzTarPerm modified mode [ 'deps/cppjieba/QuerySegment.hpp', 436, 438 ]
330 silly gunzTarPerm extractEntry deps/cppjieba/SegmentBase.hpp
331 silly gunzTarPerm modified mode [ 'deps/cppjieba/SegmentBase.hpp', 436, 438 ]
332 silly gunzTarPerm extractEntry lib/protocol/SqlString.js
333 silly gunzTarPerm extractEntry lib/protocol/constants/charsets.js
334 silly gunzTarPerm extractEntry test/fixtures/fail.ejs
335 silly gunzTarPerm modified mode [ 'test/fixtures/fail.ejs', 420, 438 ]
336 silly gunzTarPerm extractEntry test/fixtures/hello-world.ejs
337 silly gunzTarPerm modified mode [ 'test/fixtures/hello-world.ejs', 420, 438 ]
338 silly gunzTarPerm extractEntry test/fixtures/include-abspath.ejs
339 silly gunzTarPerm modified mode [ 'test/fixtures/include-abspath.ejs', 420, 438 ]
340 silly gunzTarPerm extractEntry nan.h
341 silly gunzTarPerm modified mode [ 'nan.h', 436, 438 ]
342 silly gunzTarPerm extractEntry nan_callbacks.h
343 silly gunzTarPerm modified mode [ 'nan_callbacks.h', 436, 438 ]
344 silly gunzTarPerm extractEntry nan_callbacks_12_inl.h
345 silly gunzTarPerm modified mode [ 'nan_callbacks_12_inl.h', 436, 438 ]
346 silly gunzTarPerm extractEntry nan_callbacks_pre_12_inl.h
347 silly gunzTarPerm modified mode [ 'nan_callbacks_pre_12_inl.h', 436, 438 ]
348 silly gunzTarPerm extractEntry nan_converters_43_inl.h
349 silly gunzTarPerm modified mode [ 'nan_converters_43_inl.h', 436, 438 ]
350 silly gunzTarPerm extractEntry nan_converters_pre_43_inl.h
351 silly gunzTarPerm modified mode [ 'nan_converters_pre_43_inl.h', 436, 438 ]
352 silly gunzTarPerm extractEntry nan_implementation_12_inl.h
353 silly gunzTarPerm modified mode [ 'nan_implementation_12_inl.h', 436, 438 ]
354 silly gunzTarPerm extractEntry nan_implementation_pre_12_inl.h
355 silly gunzTarPerm modified mode [ 'nan_implementation_pre_12_inl.h', 436, 438 ]
356 silly gunzTarPerm extractEntry nan_maybe_43_inl.h
357 silly gunzTarPerm modified mode [ 'nan_maybe_43_inl.h', 436, 438 ]
358 silly gunzTarPerm extractEntry nan_maybe_pre_43_inl.h
359 silly gunzTarPerm modified mode [ 'nan_maybe_pre_43_inl.h', 436, 438 ]
360 silly gunzTarPerm extractEntry nan_new.h
361 silly gunzTarPerm modified mode [ 'nan_new.h', 436, 438 ]
362 silly gunzTarPerm extractEntry nan_object_wrap.h
363 silly gunzTarPerm modified mode [ 'nan_object_wrap.h', 436, 438 ]
364 silly gunzTarPerm extractEntry nan_persistent_12_inl.h
365 silly gunzTarPerm modified mode [ 'nan_persistent_12_inl.h', 436, 438 ]
366 silly gunzTarPerm extractEntry nan_persistent_pre_12_inl.h
367 silly gunzTarPerm modified mode [ 'nan_persistent_pre_12_inl.h', 436, 438 ]
368 silly gunzTarPerm extractEntry nan_string_bytes.h
369 silly gunzTarPerm modified mode [ 'nan_string_bytes.h', 436, 438 ]
370 silly gunzTarPerm extractEntry nan_typedarray_contents.h
371 silly gunzTarPerm modified mode [ 'nan_typedarray_contents.h', 436, 438 ]
372 silly gunzTarPerm extractEntry nan_weak.h
373 silly gunzTarPerm modified mode [ 'nan_weak.h', 436, 438 ]
374 silly gunzTarPerm extractEntry CHANGELOG.md
375 silly gunzTarPerm modified mode [ 'CHANGELOG.md', 436, 438 ]
376 silly gunzTarPerm extractEntry tools/package.json
377 silly gunzTarPerm modified mode [ 'tools/package.json', 436, 438 ]
378 silly gunzTarPerm extractEntry tools/README.md
379 silly gunzTarPerm modified mode [ 'tools/README.md', 436, 438 ]
380 silly gunzTarPerm extractEntry tools/1to2.js
381 silly gunzTarPerm modified mode [ 'tools/1to2.js', 509, 511 ]
382 silly gunzTarPerm extractEntry deps/cppjieba/Trie.hpp
383 silly gunzTarPerm modified mode [ 'deps/cppjieba/Trie.hpp', 436, 438 ]
384 silly gunzTarPerm extractEntry deps/cppjieba/Unicode.hpp
385 silly gunzTarPerm modified mode [ 'deps/cppjieba/Unicode.hpp', 436, 438 ]
386 silly gunzTarPerm extractEntry lib/protocol/constants/client.js
387 silly gunzTarPerm extractEntry lib/protocol/constants/errors.js
388 silly gunzTarPerm extractEntry test/fixtures/include-simple.ejs
389 silly gunzTarPerm modified mode [ 'test/fixtures/include-simple.ejs', 420, 438 ]
390 silly gunzTarPerm extractEntry test/fixtures/include-simple.html
391 silly gunzTarPerm modified mode [ 'test/fixtures/include-simple.html', 420, 438 ]
392 silly gunzTarPerm extractEntry deps/limonp/ForcePublic.hpp
393 silly gunzTarPerm modified mode [ 'deps/limonp/ForcePublic.hpp', 436, 438 ]
394 silly gunzTarPerm extractEntry deps/limonp/ArgvContext.hpp
395 silly gunzTarPerm modified mode [ 'deps/limonp/ArgvContext.hpp', 420, 438 ]
396 silly gunzTarPerm extractEntry test/fixtures/include.css.ejs
397 silly gunzTarPerm modified mode [ 'test/fixtures/include.css.ejs', 420, 438 ]
398 silly gunzTarPerm extractEntry test/fixtures/include.css.html
399 silly gunzTarPerm modified mode [ 'test/fixtures/include.css.html', 420, 438 ]
400 silly gunzTarPerm extractEntry test/fixtures/include.ejs
401 silly gunzTarPerm modified mode [ 'test/fixtures/include.ejs', 420, 438 ]
402 silly gunzTarPerm extractEntry lib/protocol/constants/field_flags.js
403 silly gunzTarPerm extractEntry test/fixtures/include.html
404 silly gunzTarPerm modified mode [ 'test/fixtures/include.html', 420, 438 ]
405 silly gunzTarPerm extractEntry test/fixtures/include_cache.ejs
406 silly gunzTarPerm modified mode [ 'test/fixtures/include_cache.ejs', 420, 438 ]
407 silly gunzTarPerm extractEntry deps/limonp/BoundedBlockingQueue.hpp
408 silly gunzTarPerm modified mode [ 'deps/limonp/BoundedBlockingQueue.hpp', 420, 438 ]
409 silly gunzTarPerm extractEntry deps/limonp/BoundedQueue.hpp
410 silly gunzTarPerm modified mode [ 'deps/limonp/BoundedQueue.hpp', 420, 438 ]
411 silly gunzTarPerm extractEntry lib/protocol/constants/server_status.js
412 silly gunzTarPerm extractEntry lib/protocol/constants/ssl_profiles.js
413 silly gunzTarPerm extractEntry test/fixtures/include_cache.html
414 silly gunzTarPerm modified mode [ 'test/fixtures/include_cache.html', 420, 438 ]
415 silly gunzTarPerm extractEntry test/fixtures/include_preprocessor.css.ejs
416 silly gunzTarPerm modified mode [ 'test/fixtures/include_preprocessor.css.ejs', 420, 438 ]
417 silly gunzTarPerm extractEntry deps/limonp/Closure.hpp
418 silly gunzTarPerm modified mode [ 'deps/limonp/Closure.hpp', 420, 438 ]
419 silly gunzTarPerm extractEntry deps/limonp/Colors.hpp
420 silly gunzTarPerm modified mode [ 'deps/limonp/Colors.hpp', 420, 438 ]
421 silly gunzTarPerm extractEntry lib/protocol/constants/types.js
422 silly gunzTarPerm extractEntry test/fixtures/include_preprocessor.css.html
423 silly gunzTarPerm modified mode [ 'test/fixtures/include_preprocessor.css.html', 420, 438 ]
424 silly gunzTarPerm extractEntry test/fixtures/include_preprocessor.ejs
425 silly gunzTarPerm modified mode [ 'test/fixtures/include_preprocessor.ejs', 420, 438 ]
426 silly gunzTarPerm extractEntry lib/protocol/packets/ClientAuthenticationPacket.js
427 silly gunzTarPerm extractEntry lib/protocol/packets/EofPacket.js
428 silly gunzTarPerm extractEntry deps/limonp/Condition.hpp
429 silly gunzTarPerm modified mode [ 'deps/limonp/Condition.hpp', 436, 438 ]
430 silly gunzTarPerm extractEntry deps/limonp/Config.hpp
431 silly gunzTarPerm modified mode [ 'deps/limonp/Config.hpp', 420, 438 ]
432 silly gunzTarPerm extractEntry test/fixtures/include_preprocessor.html
433 silly gunzTarPerm modified mode [ 'test/fixtures/include_preprocessor.html', 420, 438 ]
434 silly gunzTarPerm extractEntry test/fixtures/include_preprocessor_cache.ejs
435 silly gunzTarPerm modified mode [ 'test/fixtures/include_preprocessor_cache.ejs', 420, 438 ]
436 silly gunzTarPerm extractEntry deps/limonp/FileLock.hpp
437 silly gunzTarPerm modified mode [ 'deps/limonp/FileLock.hpp', 420, 438 ]
438 silly gunzTarPerm extractEntry deps/limonp/BlockingQueue.hpp
439 silly gunzTarPerm modified mode [ 'deps/limonp/BlockingQueue.hpp', 420, 438 ]
440 silly gunzTarPerm extractEntry lib/protocol/packets/ErrorPacket.js
441 silly gunzTarPerm extractEntry lib/protocol/packets/Field.js
442 silly gunzTarPerm extractEntry test/fixtures/include_preprocessor_cache.html
443 silly gunzTarPerm modified mode [ 'test/fixtures/include_preprocessor_cache.html', 420, 438 ]
444 silly gunzTarPerm extractEntry test/fixtures/includes/
445 silly gunzTarPerm modified mode [ 'test/fixtures/includes/', 493, 511 ]
446 silly gunzTarPerm extractEntry lib/protocol/packets/EmptyPacket.js
447 silly gunzTarPerm extractEntry lib/protocol/packets/HandshakeInitializationPacket.js
448 silly gunzTarPerm extractEntry deps/limonp/LocalVector.hpp
449 silly gunzTarPerm modified mode [ 'deps/limonp/LocalVector.hpp', 420, 438 ]
450 silly gunzTarPerm extractEntry deps/limonp/Logging.hpp
451 silly gunzTarPerm modified mode [ 'deps/limonp/Logging.hpp', 436, 438 ]
452 silly gunzTarPerm extractEntry test/fixtures/literal.ejs
453 silly gunzTarPerm modified mode [ 'test/fixtures/literal.ejs', 420, 438 ]
454 silly gunzTarPerm extractEntry test/fixtures/literal.html
455 silly gunzTarPerm modified mode [ 'test/fixtures/literal.html', 420, 438 ]
456 silly gunzTarPerm extractEntry lib/protocol/packets/LocalDataFilePacket.js
457 silly gunzTarPerm extractEntry lib/protocol/packets/OkPacket.js
458 silly gunzTarPerm extractEntry deps/limonp/Md5.hpp
459 silly gunzTarPerm modified mode [ 'deps/limonp/Md5.hpp', 420, 438 ]
460 silly gunzTarPerm extractEntry deps/limonp/MutexLock.hpp
461 silly gunzTarPerm modified mode [ 'deps/limonp/MutexLock.hpp', 436, 438 ]
462 silly gunzTarPerm extractEntry test/fixtures/menu.ejs
463 silly gunzTarPerm modified mode [ 'test/fixtures/menu.ejs', 420, 438 ]
464 silly gunzTarPerm extractEntry test/fixtures/menu.html
465 silly gunzTarPerm modified mode [ 'test/fixtures/menu.html', 420, 438 ]
466 silly gunzTarPerm extractEntry deps/limonp/NonCopyable.hpp
467 silly gunzTarPerm modified mode [ 'deps/limonp/NonCopyable.hpp', 436, 438 ]
468 silly gunzTarPerm extractEntry deps/limonp/StdExtension.hpp
469 silly gunzTarPerm modified mode [ 'deps/limonp/StdExtension.hpp', 436, 438 ]
470 silly gunzTarPerm extractEntry lib/protocol/packets/OldPasswordPacket.js
471 silly gunzTarPerm extractEntry lib/protocol/packets/ResultSetHeaderPacket.js
472 silly gunzTarPerm extractEntry test/fixtures/menu_preprocessor.ejs
473 silly gunzTarPerm modified mode [ 'test/fixtures/menu_preprocessor.ejs', 420, 438 ]
474 silly gunzTarPerm extractEntry test/fixtures/menu_preprocessor.html
475 silly gunzTarPerm modified mode [ 'test/fixtures/menu_preprocessor.html', 420, 438 ]
476 silly gunzTarPerm extractEntry deps/limonp/StringUtil.hpp
477 silly gunzTarPerm modified mode [ 'deps/limonp/StringUtil.hpp', 436, 438 ]
478 silly gunzTarPerm extractEntry deps/limonp/Thread.hpp
479 silly gunzTarPerm modified mode [ 'deps/limonp/Thread.hpp', 436, 438 ]
480 silly gunzTarPerm extractEntry test/fixtures/menu_var.ejs
481 silly gunzTarPerm modified mode [ 'test/fixtures/menu_var.ejs', 420, 438 ]
482 silly gunzTarPerm extractEntry test/fixtures/messed.ejs
483 silly gunzTarPerm modified mode [ 'test/fixtures/messed.ejs', 420, 438 ]
484 silly gunzTarPerm extractEntry lib/protocol/packets/ComStatisticsPacket.js
485 silly gunzTarPerm extractEntry lib/protocol/packets/RowDataPacket.js
486 silly gunzTarPerm extractEntry test/fixtures/messed.html
487 silly gunzTarPerm modified mode [ 'test/fixtures/messed.html', 420, 438 ]
488 silly gunzTarPerm extractEntry test/fixtures/newlines.ejs
489 silly gunzTarPerm modified mode [ 'test/fixtures/newlines.ejs', 420, 438 ]
490 silly gunzTarPerm extractEntry lib/protocol/packets/ComQuitPacket.js
491 silly gunzTarPerm extractEntry lib/protocol/packets/SSLRequestPacket.js
492 silly gunzTarPerm extractEntry deps/limonp/ThreadPool.hpp
493 silly gunzTarPerm modified mode [ 'deps/limonp/ThreadPool.hpp', 436, 438 ]
494 silly gunzTarPerm extractEntry dict/hmm_model.utf8
495 silly gunzTarPerm modified mode [ 'dict/hmm_model.utf8', 436, 438 ]
496 silly gunzTarPerm extractEntry test/fixtures/newlines.html
497 silly gunzTarPerm modified mode [ 'test/fixtures/newlines.html', 420, 438 ]
498 silly gunzTarPerm extractEntry test/fixtures/newlines.mixed.ejs
499 silly gunzTarPerm modified mode [ 'test/fixtures/newlines.mixed.ejs', 420, 438 ]
500 silly gunzTarPerm extractEntry lib/protocol/packets/ComQueryPacket.js
501 silly gunzTarPerm extractEntry lib/protocol/packets/StatisticsPacket.js
502 silly gunzTarPerm extractEntry test/fixtures/newlines.mixed.html
503 silly gunzTarPerm modified mode [ 'test/fixtures/newlines.mixed.html', 420, 438 ]
504 silly gunzTarPerm extractEntry test/fixtures/no.newlines.ejs
505 silly gunzTarPerm modified mode [ 'test/fixtures/no.newlines.ejs', 420, 438 ]
506 silly gunzTarPerm extractEntry lib/protocol/packets/ComPingPacket.js
507 silly gunzTarPerm extractEntry lib/protocol/packets/UseOldPasswordPacket.js
508 silly gunzTarPerm extractEntry test/fixtures/no.newlines.error.ejs
509 silly gunzTarPerm modified mode [ 'test/fixtures/no.newlines.error.ejs', 420, 438 ]
510 silly gunzTarPerm extractEntry test/fixtures/no.newlines.html
511 silly gunzTarPerm modified mode [ 'test/fixtures/no.newlines.html', 420, 438 ]
512 silly gunzTarPerm extractEntry lib/protocol/packets/ComChangeUserPacket.js
513 silly gunzTarPerm extractEntry lib/protocol/packets/index.js
514 silly gunzTarPerm extractEntry lib/protocol/packets/FieldPacket.js
515 silly gunzTarPerm extractEntry lib/protocol/sequences/ChangeUser.js
516 silly gunzTarPerm extractEntry dict/idf.utf8
517 silly gunzTarPerm modified mode [ 'dict/idf.utf8', 436, 438 ]
518 silly gunzTarPerm extractEntry test/fixtures/no.semicolons.ejs
519 silly gunzTarPerm modified mode [ 'test/fixtures/no.semicolons.ejs', 420, 438 ]
520 silly gunzTarPerm extractEntry test/fixtures/no.semicolons.html
521 silly gunzTarPerm modified mode [ 'test/fixtures/no.semicolons.html', 420, 438 ]
522 silly gunzTarPerm extractEntry lib/protocol/sequences/Handshake.js
523 silly gunzTarPerm extractEntry lib/protocol/sequences/Ping.js
524 silly gunzTarPerm extractEntry lib/protocol/sequences/Query.js
525 silly gunzTarPerm extractEntry lib/protocol/sequences/Quit.js
526 silly gunzTarPerm extractEntry test/fixtures/para.ejs
527 silly gunzTarPerm modified mode [ 'test/fixtures/para.ejs', 420, 438 ]
528 silly gunzTarPerm extractEntry test/fixtures/pet.ejs
529 silly gunzTarPerm modified mode [ 'test/fixtures/pet.ejs', 420, 438 ]
530 silly gunzTarPerm extractEntry lib/protocol/sequences/Sequence.js
531 silly gunzTarPerm extractEntry lib/protocol/sequences/Statistics.js
532 silly gunzTarPerm extractEntry lib/protocol/sequences/index.js
533 silly gunzTarPerm extractEntry test/fixtures/rmWhitespace.ejs
534 silly gunzTarPerm modified mode [ 'test/fixtures/rmWhitespace.ejs', 420, 438 ]
535 silly gunzTarPerm extractEntry test/fixtures/rmWhitespace.html
536 silly gunzTarPerm modified mode [ 'test/fixtures/rmWhitespace.html', 420, 438 ]
537 silly gunzTarPerm extractEntry test/fixtures/single-quote.ejs
538 silly gunzTarPerm modified mode [ 'test/fixtures/single-quote.ejs', 420, 438 ]
539 silly gunzTarPerm extractEntry test/fixtures/single-quote.html
540 silly gunzTarPerm modified mode [ 'test/fixtures/single-quote.html', 420, 438 ]
541 silly gunzTarPerm extractEntry test/fixtures/space-and-tab-slurp.ejs
542 silly gunzTarPerm modified mode [ 'test/fixtures/space-and-tab-slurp.ejs', 420, 438 ]
543 silly gunzTarPerm extractEntry test/fixtures/space-and-tab-slurp.html
544 silly gunzTarPerm modified mode [ 'test/fixtures/space-and-tab-slurp.html', 420, 438 ]
545 silly gunzTarPerm extractEntry test/fixtures/style.css
546 silly gunzTarPerm modified mode [ 'test/fixtures/style.css', 420, 438 ]
547 silly gunzTarPerm extractEntry test/fixtures/user-no-with.ejs
548 silly gunzTarPerm modified mode [ 'test/fixtures/user-no-with.ejs', 420, 438 ]
549 silly gunzTarPerm extractEntry test/fixtures/user.ejs
550 silly gunzTarPerm modified mode [ 'test/fixtures/user.ejs', 420, 438 ]
551 silly gunzTarPerm extractEntry test/fixtures/with-context.ejs
552 silly gunzTarPerm modified mode [ 'test/fixtures/with-context.ejs', 420, 438 ]
553 silly gunzTarPerm extractEntry test/fixtures/includes/bom.ejs
554 silly gunzTarPerm modified mode [ 'test/fixtures/includes/bom.ejs', 420, 438 ]
555 silly gunzTarPerm extractEntry test/fixtures/includes/menu/
556 silly gunzTarPerm modified mode [ 'test/fixtures/includes/menu/', 493, 511 ]
557 silly gunzTarPerm extractEntry test/fixtures/includes/menu-item.ejs
558 silly gunzTarPerm modified mode [ 'test/fixtures/includes/menu-item.ejs', 420, 438 ]
559 silly gunzTarPerm extractEntry test/fixtures/includes/menu/item.ejs
560 silly gunzTarPerm modified mode [ 'test/fixtures/includes/menu/item.ejs', 420, 438 ]
561 silly gunzTarPerm extractEntry lib/ejs.js
562 silly gunzTarPerm modified mode [ 'lib/ejs.js', 420, 438 ]
563 silly gunzTarPerm extractEntry lib/utils.js
564 silly gunzTarPerm modified mode [ 'lib/utils.js', 420, 438 ]
565 silly gentlyRm C:\git\MsgCollector\node_modules\.staging\nan-d052b23c\node_modules is being purged
566 verbose gentlyRm don't care about contents; nuking C:\git\MsgCollector\node_modules\.staging\nan-d052b23c\node_modules
567 silly gentlyRm C:\git\MsgCollector\node_modules\.staging\mysql-cd966deb\node_modules is being purged
568 verbose gentlyRm don't care about contents; nuking C:\git\MsgCollector\node_modules\.staging\mysql-cd966deb\node_modules
569 silly gunzTarPerm extractEntry dict/jieba.dict.utf8
570 silly gunzTarPerm modified mode [ 'dict/jieba.dict.utf8', 436, 438 ]
571 silly gentlyRm C:\git\MsgCollector\node_modules\.staging\ejs-2f9d8c7c\node_modules is being purged
572 verbose gentlyRm don't care about contents; nuking C:\git\MsgCollector\node_modules\.staging\ejs-2f9d8c7c\node_modules
573 silly gunzTarPerm extractEntry dict/stop_words.utf8
574 silly gunzTarPerm modified mode [ 'dict/stop_words.utf8', 436, 438 ]
575 silly gunzTarPerm extractEntry dict/user.dict.utf8
576 silly gunzTarPerm modified mode [ 'dict/user.dict.utf8', 436, 438 ]
577 silly gunzTarPerm extractEntry ChangeLog.md
578 silly gunzTarPerm modified mode [ 'ChangeLog.md', 436, 438 ]
579 silly gunzTarPerm extractEntry lib/index.cpp
580 silly gunzTarPerm modified mode [ 'lib/index.cpp', 436, 438 ]
581 silly gunzTarPerm extractEntry lib/nodejieba.cpp
582 silly gunzTarPerm modified mode [ 'lib/nodejieba.cpp', 436, 438 ]
583 silly gunzTarPerm extractEntry lib/nodejieba.h
584 silly gunzTarPerm modified mode [ 'lib/nodejieba.h', 436, 438 ]
585 silly gunzTarPerm extractEntry lib/utils.h
586 silly gunzTarPerm modified mode [ 'lib/utils.h', 436, 438 ]
587 silly gunzTarPerm extractEntry test/demo.js
588 silly gunzTarPerm modified mode [ 'test/demo.js', 436, 438 ]
589 silly gunzTarPerm extractEntry test/load_dict_demo.js
590 silly gunzTarPerm modified mode [ 'test/load_dict_demo.js', 436, 438 ]
591 silly gunzTarPerm extractEntry test/load_dict_test.js
592 silly gunzTarPerm modified mode [ 'test/load_dict_test.js', 436, 438 ]
593 silly gunzTarPerm extractEntry test/test.js
594 silly gunzTarPerm modified mode [ 'test/test.js', 436, 438 ]
595 silly gunzTarPerm extractEntry test/testdata/userdict.utf8
596 silly gunzTarPerm modified mode [ 'test/testdata/userdict.utf8', 436, 438 ]
597 silly gentlyRm C:\git\MsgCollector\node_modules\.staging\nodejieba-b49ae309\node_modules is being purged
598 verbose gentlyRm don't care about contents; nuking C:\git\MsgCollector\node_modules\.staging\nodejieba-b49ae309\node_modules
599 silly doParallel preinstall 4
600 silly preinstall nan@2.3.3 C:\git\MsgCollector\node_modules\.staging\nan-d052b23c
601 info lifecycle nan@2.3.3~preinstall: nan@2.3.3
602 silly preinstall ejs@2.4.1 C:\git\MsgCollector\node_modules\.staging\ejs-2f9d8c7c
603 info lifecycle ejs@2.4.1~preinstall: ejs@2.4.1
604 silly preinstall mysql@2.10.2 C:\git\MsgCollector\node_modules\.staging\mysql-cd966deb
605 info lifecycle mysql@2.10.2~preinstall: mysql@2.10.2
606 silly preinstall nodejieba@2.0.0 C:\git\MsgCollector\node_modules\.staging\nodejieba-b49ae309
607 info lifecycle nodejieba@2.0.0~preinstall: nodejieba@2.0.0
608 silly lifecycle nan@2.3.3~preinstall: no script for preinstall, continuing
609 silly lifecycle ejs@2.4.1~preinstall: no script for preinstall, continuing
610 silly lifecycle mysql@2.10.2~preinstall: no script for preinstall, continuing
611 silly lifecycle nodejieba@2.0.0~preinstall: no script for preinstall, continuing
612 silly doReverseSerial remove 0
613 silly doSerial move 0
614 silly doSerial finalize 4
615 silly finalize C:\git\MsgCollector\node_modules\nan
616 silly finalize C:\git\MsgCollector\node_modules\ejs
617 silly finalize C:\git\MsgCollector\node_modules\mysql
618 silly finalize C:\git\MsgCollector\node_modules\nodejieba
619 silly doSerial build 4
620 silly build nan@2.3.3
621 info linkStuff nan@2.3.3
622 silly linkStuff nan@2.3.3 has C:\git\MsgCollector\node_modules as its parent node_modules
623 verbose linkBins nan@2.3.3
624 verbose linkMans nan@2.3.3
625 silly build ejs@2.4.1
626 info linkStuff ejs@2.4.1
627 silly linkStuff ejs@2.4.1 has C:\git\MsgCollector\node_modules as its parent node_modules
628 verbose linkBins ejs@2.4.1
629 verbose linkMans ejs@2.4.1
630 silly build mysql@2.10.2
631 info linkStuff mysql@2.10.2
632 silly linkStuff mysql@2.10.2 has C:\git\MsgCollector\node_modules as its parent node_modules
633 verbose linkBins mysql@2.10.2
634 verbose linkMans mysql@2.10.2
635 silly build nodejieba@2.0.0
636 info linkStuff nodejieba@2.0.0
637 silly linkStuff nodejieba@2.0.0 has C:\git\MsgCollector\node_modules as its parent node_modules
638 verbose linkBins nodejieba@2.0.0
639 verbose linkMans nodejieba@2.0.0
640 silly doSerial global-link 0
641 silly doParallel update-linked 0
642 silly doSerial install 4
643 silly install nan@2.3.3 C:\git\MsgCollector\node_modules\.staging\nan-d052b23c
644 info lifecycle nan@2.3.3~install: nan@2.3.3
645 silly lifecycle nan@2.3.3~install: no script for install, continuing
646 silly install ejs@2.4.1 C:\git\MsgCollector\node_modules\.staging\ejs-2f9d8c7c
647 info lifecycle ejs@2.4.1~install: ejs@2.4.1
648 silly lifecycle ejs@2.4.1~install: no script for install, continuing
649 silly install mysql@2.10.2 C:\git\MsgCollector\node_modules\.staging\mysql-cd966deb
650 info lifecycle mysql@2.10.2~install: mysql@2.10.2
651 silly lifecycle mysql@2.10.2~install: no script for install, continuing
652 silly install nodejieba@2.0.0 C:\git\MsgCollector\node_modules\.staging\nodejieba-b49ae309
653 info lifecycle nodejieba@2.0.0~install: nodejieba@2.0.0
654 verbose lifecycle nodejieba@2.0.0~install: unsafe-perm in lifecycle true
655 verbose lifecycle nodejieba@2.0.0~install: PATH: C:\Program Files\nodejs\node_modules\npm\bin\node-gyp-bin;C:\git\MsgCollector\node_modules\nodejieba\node_modules\.bin;C:\git\MsgCollector\node_modules\.bin;C:\Program Files\nodejs;C:\ProgramData\Oracle\Java\javapath;C:\Windows\system32;C:\Windows;C:\Windows\System32\Wbem;C:\Windows\System32\WindowsPowerShell\v1.0\;C:\Program Files (x86)\NVIDIA Corporation\PhysX\Common;C:\Users\wpd\.dnx\bin;C:\Program Files\Microsoft DNX\Dnvm\;C:\Program Files\Microsoft SQL Server\130\Tools\Binn\;C:\Program Files\nodejs\;C:\WINDOWS\system32;C:\WINDOWS;C:\WINDOWS\System32\Wbem;C:\WINDOWS\System32\WindowsPowerShell\v1.0\;C:\Program Files (x86)\MySQL\MySQL Fabric 1.5 & MySQL Utilities 1.5\;C:\Program Files (x86)\MySQL\MySQL Fabric 1.5 & MySQL Utilities 1.5\Doctrine extensions for PHP\;C:\Python27;C:\Users\wpd\AppData\Roaming\npm;C:\Program Files (x86)\Microsoft VS Code\bin
656 verbose lifecycle nodejieba@2.0.0~install: CWD: C:\git\MsgCollector\node_modules\nodejieba
657 silly lifecycle nodejieba@2.0.0~install: Args: [ '/d /s /c', 'node-gyp rebuild' ]
658 silly lifecycle nodejieba@2.0.0~install: Returned: code: 1  signal: null
659 info lifecycle nodejieba@2.0.0~install: Failed to exec install script
660 verbose unlock done using C:\Users\wpd\AppData\Roaming\npm-cache\_locks\staging-23927ec6864ad111.lock for C:\git\MsgCollector\node_modules\.staging
661 silly rollbackFailedOptional Starting
662 silly rollbackFailedOptional Finishing
663 silly runTopLevelLifecycles Starting
664 silly runTopLevelLifecycles Finishing
665 silly install printInstalled
666 verbose stack Error: nodejieba@2.0.0 install: `node-gyp rebuild`
666 verbose stack Exit status 1
666 verbose stack     at EventEmitter.<anonymous> (C:\Program Files\nodejs\node_modules\npm\lib\utils\lifecycle.js:239:16)
666 verbose stack     at emitTwo (events.js:100:13)
666 verbose stack     at EventEmitter.emit (events.js:185:7)
666 verbose stack     at ChildProcess.<anonymous> (C:\Program Files\nodejs\node_modules\npm\lib\utils\spawn.js:24:14)
666 verbose stack     at emitTwo (events.js:100:13)
666 verbose stack     at ChildProcess.emit (events.js:185:7)
666 verbose stack     at maybeClose (internal/child_process.js:850:16)
666 verbose stack     at Process.ChildProcess._handle.onexit (internal/child_process.js:215:5)
667 verbose pkgid nodejieba@2.0.0
668 verbose cwd C:\git\MsgCollector
669 error Windows_NT 10.0.10586
670 error argv "C:\\Program Files\\nodejs\\node.exe" "C:\\Program Files\\nodejs\\node_modules\\npm\\bin\\npm-cli.js" "--registry=http://r.cnpmjs.org" "install" "nodejieba"
671 error node v5.10.1
672 error npm  v3.8.3
673 error code ELIFECYCLE
674 error nodejieba@2.0.0 install: `node-gyp rebuild`
674 error Exit status 1
675 error Failed at the nodejieba@2.0.0 install script 'node-gyp rebuild'.
675 error Make sure you have the latest version of node.js and npm installed.
675 error If you do, this is most likely a problem with the nodejieba package,
675 error not with npm itself.
675 error Tell the author that this fails on your system:
675 error     node-gyp rebuild
675 error You can get information on how to open an issue for this project with:
675 error     npm bugs nodejieba
675 error Or if that isn't available, you can get their info via:
675 error     npm owner ls nodejieba
675 error There is likely additional logging output above.
676 verbose exit [ 1, true ]
